SF:lib/src/analyser.dart
DA:10,1
DA:16,1
DA:17,3
DA:18,1
DA:19,2
DA:21,3
DA:22,4
DA:25,1
DA:26,3
DA:27,1
DA:28,1
DA:29,2
LF:12
LH:12
end_of_record
SF:lib/src/css.dart
DA:12,1
DA:21,1
DA:22,1
DA:23,1
DA:24,1
DA:25,1
DA:26,1
DA:27,1
DA:30,1
DA:31,1
DA:32,1
DA:33,1
DA:34,1
DA:35,1
DA:36,1
DA:37,1
DA:38,1
DA:42,1
DA:43,1
DA:44,1
DA:45,1
DA:46,1
DA:47,1
DA:48,2
DA:49,1
DA:50,1
DA:52,1
LF:27
LH:27
end_of_record
SF:lib/src/launch.dart
DA:5,0
DA:7,0
DA:8,0
DA:9,0
LF:4
LH:0
end_of_record
SF:lib/src/markdown.dart
DA:10,1
DA:14,1
DA:16,1
DA:18,1
DA:19,1
DA:20,1
DA:21,2
DA:22,1
DA:23,1
LF:9
LH:9
end_of_record
SF:lib/src/renderer.dart
DA:17,1
DA:35,1
DA:42,1
DA:44,1
DA:49,1
DA:50,5
DA:51,3
DA:54,4
DA:57,2
DA:58,5
DA:59,1
DA:61,1
DA:62,1
DA:63,1
DA:64,3
DA:65,1
DA:66,1
DA:67,1
DA:68,1
DA:71,1
DA:72,1
DA:73,5
DA:74,1
DA:75,1
DA:87,1
DA:93,1
DA:95,1
DA:100,1
DA:101,5
DA:102,3
DA:103,3
DA:106,2
DA:107,2
DA:111,1
DA:113,1
DA:115,1
DA:120,1
DA:121,1
DA:122,1
DA:123,3
DA:124,1
DA:125,1
DA:126,1
DA:127,1
DA:128,2
DA:129,1
DA:130,1
DA:132,2
DA:136,1
DA:137,3
DA:138,1
DA:139,1
DA:140,1
DA:141,5
DA:142,1
DA:143,1
DA:155,1
DA:161,1
DA:163,1
DA:168,1
DA:169,5
DA:170,3
DA:173,3
DA:174,2
DA:176,1
DA:177,1
DA:178,1
DA:179,3
DA:180,1
DA:181,1
DA:182,1
DA:183,1
DA:184,2
DA:186,1
DA:187,3
DA:188,1
DA:189,1
DA:190,1
DA:191,5
DA:192,1
DA:193,1
DA:205,1
DA:211,1
DA:213,1
DA:218,1
DA:219,5
DA:220,3
DA:221,3
DA:224,3
DA:225,1
DA:229,2
DA:230,2
DA:231,1
DA:232,2
DA:233,2
DA:236,3
DA:237,2
DA:239,1
DA:240,1
DA:241,1
DA:242,3
DA:243,1
DA:244,1
DA:245,1
DA:246,1
DA:247,2
DA:248,1
DA:249,1
DA:251,1
DA:255,1
DA:256,3
DA:258,1
DA:259,1
DA:260,5
DA:261,1
DA:262,1
DA:274,1
DA:280,1
DA:282,1
DA:287,6
DA:290,2
DA:291,1
DA:293,1
DA:294,1
DA:295,1
DA:296,3
DA:297,1
DA:298,1
DA:299,1
DA:302,1
DA:303,1
DA:304,5
DA:305,1
DA:306,1
DA:318,1
DA:324,1
DA:326,1
DA:331,6
DA:334,2
DA:335,1
DA:337,1
DA:338,1
DA:339,1
DA:340,3
DA:341,1
DA:342,1
DA:343,1
DA:346,1
DA:347,1
DA:348,5
DA:349,1
DA:350,1
DA:362,1
DA:368,1
DA:370,1
DA:375,6
DA:378,2
DA:379,1
DA:380,1
DA:382,1
DA:383,1
DA:384,1
DA:385,3
DA:386,1
DA:387,1
DA:388,1
DA:391,1
DA:392,1
DA:393,5
DA:394,1
DA:395,1
DA:407,1
DA:413,1
DA:415,1
DA:426,1
DA:427,5
DA:428,3
DA:429,3
DA:430,4
DA:436,1
DA:437,5
DA:438,1
DA:439,2
DA:440,2
DA:441,2
DA:443,1
DA:444,1
DA:445,1
DA:446,3
DA:447,1
DA:448,1
DA:449,1
DA:450,1
DA:451,2
DA:452,1
DA:453,3
DA:457,1
DA:458,5
DA:459,1
DA:460,1
DA:465,1
DA:466,1
DA:468,1
DA:470,1
DA:471,1
DA:472,2
DA:473,2
DA:474,0
DA:475,1
DA:476,1
DA:477,4
DA:478,1
DA:481,3
DA:482,1
DA:483,3
DA:484,2
DA:490,2
DA:491,1
DA:504,1
DA:510,1
DA:512,1
DA:517,6
DA:520,2
DA:521,2
DA:523,1
DA:524,1
DA:525,1
DA:526,3
DA:527,1
DA:528,1
DA:529,1
DA:532,1
DA:533,1
DA:534,2
DA:535,1
DA:538,1
DA:539,1
DA:540,5
DA:541,1
DA:542,1
DA:554,1
DA:560,1
DA:562,1
DA:570,1
DA:571,5
DA:572,3
DA:579,1
DA:580,5
DA:581,1
DA:582,2
DA:583,2
DA:584,2
DA:586,1
DA:587,1
DA:588,1
DA:589,3
DA:590,1
DA:591,1
DA:592,1
DA:593,1
DA:594,2
DA:595,1
DA:596,3
DA:600,1
DA:601,5
DA:602,1
DA:603,1
DA:608,1
DA:609,1
DA:611,1
DA:613,1
DA:614,1
DA:615,2
DA:616,2
DA:617,0
DA:618,1
DA:619,1
DA:620,4
DA:621,1
DA:624,3
DA:625,1
DA:626,3
DA:627,2
DA:633,2
DA:634,1
DA:647,1
DA:653,1
DA:655,1
DA:660,1
DA:661,5
DA:662,4
DA:663,4
DA:664,3
DA:667,1
DA:668,5
DA:669,4
DA:670,4
DA:671,3
DA:674,1
DA:677,2
DA:678,1
DA:679,1
DA:681,1
DA:682,1
DA:683,1
DA:684,3
DA:685,1
DA:686,1
DA:687,1
DA:690,1
DA:691,1
DA:693,1
DA:694,1
DA:695,1
DA:696,0
DA:700,1
DA:701,1
DA:702,5
DA:703,1
DA:704,1
DA:716,0
DA:722,0
DA:724,0
DA:729,0
DA:730,0
DA:731,0
DA:732,0
DA:733,0
DA:735,0
DA:736,0
DA:737,0
DA:738,0
DA:739,0
DA:740,0
DA:741,0
DA:742,0
DA:747,0
DA:748,0
DA:749,0
DA:750,0
LF:340
LH:317
end_of_record
SF:lib/src/support.dart
DA:10,3
DA:13,1
DA:14,2
DA:17,1
DA:18,2
DA:21,1
DA:22,2
DA:25,1
DA:26,2
DA:29,1
DA:30,2
DA:33,1
DA:34,1
DA:35,1
DA:37,1
DA:38,1
DA:39,1
DA:41,0
DA:42,0
DA:43,0
DA:45,1
DA:46,1
DA:47,1
DA:49,1
DA:50,1
DA:51,1
DA:53,1
DA:54,1
DA:55,1
DA:58,0
DA:59,0
DA:61,1
DA:63,2
DA:66,1
DA:67,2
DA:70,1
DA:71,2
DA:73,1
DA:75,2
DA:78,1
DA:79,2
LF:41
LH:36
end_of_record
